0 info it worked if it ends with ok
1 verbose cli [ '/opt/local/bin/node', '/opt/local/bin/npm', 'start' ]
2 info using npm@4.0.2
3 info using node@v6.9.1
4 verbose run-script [ 'prestart', 'start', 'poststart' ]
5 info lifecycle cloudimg-js-plugin@0.1.0~prestart: cloudimg-js-plugin@0.1.0
6 silly lifecycle cloudimg-js-plugin@0.1.0~prestart: no script for prestart, continuing
7 info lifecycle cloudimg-js-plugin@0.1.0~start: cloudimg-js-plugin@0.1.0
8 verbose lifecycle cloudimg-js-plugin@0.1.0~start: unsafe-perm in lifecycle true
9 verbose lifecycle cloudimg-js-plugin@0.1.0~start: PATH: /opt/local/lib/node_modules/npm/bin/node-gyp-bin:/Local/cloudimg/cloudimg-js-plugin/node_modules/.bin:/opt/local/bin:/usr/local/bin/:/opt/local/sbin:/usr/local/bin:/usr/bin:/bin:/usr/sbin:/sbin:/opt/minicom/2.2/bin:/Applications/Wireshark.app/Contents/MacOS:.
10 verbose lifecycle cloudimg-js-plugin@0.1.0~start: CWD: /Local/cloudimg/cloudimg-js-plugin
11 silly lifecycle cloudimg-js-plugin@0.1.0~start: Args: [ '-c',
11 silly lifecycle   'node node_modules/webpack-dev-server/bin/webpack-dev-server.js' ]
12 silly lifecycle cloudimg-js-plugin@0.1.0~start: Returned: code: 1  signal: null
13 info lifecycle cloudimg-js-plugin@0.1.0~start: Failed to exec start script
14 verbose stack Error: cloudimg-js-plugin@0.1.0 start: `node node_modules/webpack-dev-server/bin/webpack-dev-server.js`
14 verbose stack Exit status 1
14 verbose stack     at EventEmitter.<anonymous> (/opt/local/lib/node_modules/npm/lib/utils/lifecycle.js:279:16)
14 verbose stack     at emitTwo (events.js:106:13)
14 verbose stack     at EventEmitter.emit (events.js:191:7)
14 verbose stack     at ChildProcess.<anonymous> (/opt/local/lib/node_modules/npm/lib/utils/spawn.js:40:14)
14 verbose stack     at emitTwo (events.js:106:13)
14 verbose stack     at ChildProcess.emit (events.js:191:7)
14 verbose stack     at maybeClose (internal/child_process.js:877:16)
14 verbose stack     at Process.ChildProcess._handle.onexit (internal/child_process.js:226:5)
15 verbose pkgid cloudimg-js-plugin@0.1.0
16 verbose cwd /Local/cloudimg/cloudimg-js-plugin
17 error Darwin 14.5.0
18 error argv "/opt/local/bin/node" "/opt/local/bin/npm" "start"
19 error node v6.9.1
20 error npm  v4.0.2
21 error code ELIFECYCLE
22 error cloudimg-js-plugin@0.1.0 start: `node node_modules/webpack-dev-server/bin/webpack-dev-server.js`
22 error Exit status 1
23 error Failed at the cloudimg-js-plugin@0.1.0 start script 'node node_modules/webpack-dev-server/bin/webpack-dev-server.js'.
23 error Make sure you have the latest version of node.js and npm installed.
23 error If you do, this is most likely a problem with the cloudimg-js-plugin package,
23 error not with npm itself.
23 error Tell the author that this fails on your system:
23 error     node node_modules/webpack-dev-server/bin/webpack-dev-server.js
23 error You can get information on how to open an issue for this project with:
23 error     npm bugs cloudimg-js-plugin
23 error Or if that isn't available, you can get their info via:
23 error     npm owner ls cloudimg-js-plugin
23 error There is likely additional logging output above.
24 verbose exit [ 1, true ]
